0 info it worked if it ends with ok
1 verbose cli [
1 verbose cli   'C:\\Program Files\\nodejs\\node.exe',
1 verbose cli   'C:\\Users\\Unity_0118\\node_modules\\npm\\bin\\npm-cli.js',
1 verbose cli   'install',
1 verbose cli   '--save-dev',
1 verbose cli   '@types/node'
1 verbose cli ]
2 info using npm@2.15.12
3 info using node@v20.14.0
4 verbose install initial load of C:\Users\Unity_0118\Desktop\Java\DEMO\package.json
5 warn package.json project-name@1.0.0 No description
6 warn package.json project-name@1.0.0 No repository field.
7 warn package.json project-name@1.0.0 No README data
8 verbose installManyTop reading scoped package data from C:\Users\Unity_0118\Desktop\Java\DEMO\node_modules\@playwright\test\package.json
9 verbose readDependencies loading dependencies from C:\Users\Unity_0118\Desktop\Java\DEMO\package.json
10 silly cache add args [ '@types/node', null ]
11 verbose cache add spec @types/node
12 silly cache add parsed spec Result {
12 silly cache add   raw: '@types/node',
12 silly cache add   scope: '@types',
12 silly cache add   name: '@types/node',
12 silly cache add   rawSpec: '',
12 silly cache add   spec: 'latest',
12 silly cache add   type: 'tag'
12 silly cache add }
13 silly addNamed @types/node@latest
14 verbose addNamed "latest" is being treated as a dist-tag for @types/node
15 info addNameTag [ '@types/node', 'latest' ]
16 silly mapToRegistry name @types/node
17 silly mapToRegistry scope (from package name) @types
18 verbose mapToRegistry no registry URL found in name for scope @types
19 silly mapToRegistry using default registry
20 silly mapToRegistry registry https://registry.npmjs.org/
21 silly mapToRegistry data Result {
21 silly mapToRegistry   raw: '@types/node',
21 silly mapToRegistry   scope: '@types',
21 silly mapToRegistry   name: '@types/node',
21 silly mapToRegistry   rawSpec: '',
21 silly mapToRegistry   spec: 'latest',
21 silly mapToRegistry   type: 'tag'
21 silly mapToRegistry }
22 silly mapToRegistry uri https://registry.npmjs.org/@types%2fnode
23 verbose addNameTag registry:https://registry.npmjs.org/@types%2fnode not in flight; fetching
24 verbose request uri https://registry.npmjs.org/@types%2fnode
25 verbose request no auth needed
26 info attempt registry request try #1 at 2:07:17 pm
27 verbose request id 9873a9e457a62564
28 verbose etag W/"54df66350e3cea97df2f6f2fa92d0ae6"
29 verbose lastModified Wed, 19 Jun 2024 16:08:23 GMT
30 http request GET https://registry.npmjs.org/@types%2fnode
31 http 200 https://registry.npmjs.org/@types%2fnode
32 verbose headers {
32 verbose headers   date: 'Mon, 01 Jul 2024 08:37:17 GMT',
32 verbose headers   'content-type': 'application/json',
32 verbose headers   'transfer-encoding': 'chunked',
32 verbose headers   connection: 'keep-alive',
32 verbose headers   'cf-ray': '89c512c15b0b59be-DEL',
32 verbose headers   'cf-cache-status': 'HIT',
32 verbose headers   'access-control-allow-origin': '*',
32 verbose headers   age: '161',
32 verbose headers   'cache-control': 'public, max-age=300',
32 verbose headers   etag: 'W/"31d63516887298f394bf0f9af818264e"',
32 verbose headers   'last-modified': 'Tue, 25 Jun 2024 22:07:26 GMT',
32 verbose headers   vary: 'accept-encoding, accept',
32 verbose headers   server: 'cloudflare',
32 verbose headers   'content-encoding': 'gzip'
32 verbose headers }
33 silly get cb [
33 silly get   200,
33 silly get   {
33 silly get     date: 'Mon, 01 Jul 2024 08:37:17 GMT',
33 silly get     'content-type': 'application/json',
33 silly get     'transfer-encoding': 'chunked',
33 silly get     connection: 'keep-alive',
33 silly get     'cf-ray': '89c512c15b0b59be-DEL',
33 silly get     'cf-cache-status': 'HIT',
33 silly get     'access-control-allow-origin': '*',
33 silly get     age: '161',
33 silly get     'cache-control': 'public, max-age=300',
33 silly get     etag: 'W/"31d63516887298f394bf0f9af818264e"',
33 silly get     'last-modified': 'Tue, 25 Jun 2024 22:07:26 GMT',
33 silly get     vary: 'accept-encoding, accept',
33 silly get     server: 'cloudflare',
33 silly get     'content-encoding': 'gzip'
33 silly get   }
33 silly get ]
34 verbose get saving @types/node to C:\Users\Unity_0118\AppData\Local\npm-cache\registry.npmjs.org\_40types_252fnode\.cache.json
35 verbose correctMkdir C:\Users\Unity_0118\AppData\Local\npm-cache correctMkdir not in flight; initializing
36 silly addNameTag next cb for @types/node with tag latest
37 silly addNamed @types/node@20.14.9
38 verbose addNamed "20.14.9" is a plain semver version for @types/node
39 silly mapToRegistry name @types/node
40 silly mapToRegistry scope (from package name) @types
41 verbose mapToRegistry no registry URL found in name for scope @types
42 silly mapToRegistry using default registry
43 silly mapToRegistry registry https://registry.npmjs.org/
44 silly mapToRegistry data Result {
44 silly mapToRegistry   raw: '@types/node',
44 silly mapToRegistry   scope: '@types',
44 silly mapToRegistry   name: '@types/node',
44 silly mapToRegistry   rawSpec: '',
44 silly mapToRegistry   spec: 'latest',
44 silly mapToRegistry   type: 'tag'
44 silly mapToRegistry }
45 silly mapToRegistry uri https://registry.npmjs.org/@types%2fnode
46 verbose addRemoteTarball https://registry.npmjs.org/@types/node/-/node-20.14.9.tgz not in flight; adding
47 verbose addRemoteTarball [
47 verbose addRemoteTarball   'https://registry.npmjs.org/@types/node/-/node-20.14.9.tgz',
47 verbose addRemoteTarball   '12e8e765ab27f8c421a1820c99f5f313a933b420'
47 verbose addRemoteTarball ]
48 info retry fetch attempt 1 at 2:07:18 pm
49 info attempt registry request try #1 at 2:07:18 pm
50 http fetch GET https://registry.npmjs.org/@types/node/-/node-20.14.9.tgz
51 http fetch 200 https://registry.npmjs.org/@types/node/-/node-20.14.9.tgz
52 silly fetchAndShaCheck shasum 12e8e765ab27f8c421a1820c99f5f313a933b420
53 verbose addTmpTarball C:\Users\UNITY_~1\AppData\Local\Temp\npm-25108-abbba5ef\registry.npmjs.org\_40types\node\-\node-20.14.9.tgz not in flight; adding
54 verbose addTmpTarball already have metadata; skipping unpack for @types/node@20.14.9
55 verbose correctMkdir C:\Users\Unity_0118\AppData\Local\npm-cache correctMkdir not in flight; initializing
56 silly cache afterAdd @types/node@20.14.9
57 verbose afterAdd C:\Users\Unity_0118\AppData\Local\npm-cache\@types\node\20.14.9\package\package.json not in flight; writing
58 verbose correctMkdir C:\Users\Unity_0118\AppData\Local\npm-cache correctMkdir not in flight; initializing
59 verbose afterAdd C:\Users\Unity_0118\AppData\Local\npm-cache\@types\node\20.14.9\package\package.json written
60 silly install resolved [
60 silly install resolved   {
60 silly install resolved     name: '@types/node',
60 silly install resolved     version: '20.14.9',
60 silly install resolved     license: 'MIT',
60 silly install resolved     _id: '@types/node@20.14.9',
60 silly install resolved     contributors: [
60 silly install resolved       [Object], [Object], [Object], [Object],
60 silly install resolved       [Object], [Object], [Object], [Object],
60 silly install resolved       [Object], [Object], [Object], [Object],
60 silly install resolved       [Object], [Object], [Object], [Object],
60 silly install resolved       [Object], [Object], [Object], [Object],
60 silly install resolved       [Object], [Object], [Object], [Object],
60 silly install resolved       [Object], [Object], [Object], [Object],
60 silly install resolved       [Object], [Object], [Object], [Object],
60 silly install resolved       [Object], [Object], [Object], [Object],
60 silly install resolved       [Object], [Object], [Object]
60 silly install resolved     ],
60 silly install resolved     homepage: 'https://github.com/DefinitelyTyped/DefinitelyTyped/tree/master/types/node',
60 silly install resolved     dist: {
60 silly install resolved       shasum: '12e8e765ab27f8c421a1820c99f5f313a933b420',
60 silly install resolved       tarball: 'https://registry.npmjs.org/@types/node/-/node-20.14.9.tgz',
60 silly install resolved       fileCount: 65,
60 silly install resolved       integrity: 'sha512-06OCtnTXtWOZBJlRApleWndH4JsRVs1pDCc8dLSQp+7PpUpX3ePdHyeNSFTeSe7FtKyQkrlPvHwJOW3SLd8Oyg==',
60 silly install resolved       signatures: [Array],
60 silly install resolved       unpackedSize: 2089291
60 silly install resolved     },
60 silly install resolved     main: '',
60 silly install resolved     types: 'index.d.ts',
60 silly install resolved     scripts: {},
60 silly install resolved     _npmUser: { name: 'types', email: 'ts-npm-types@microsoft.com' },
60 silly install resolved     repository: {
60 silly install resolved       url: 'https://github.com/DefinitelyTyped/DefinitelyTyped.git',
60 silly install resolved       type: 'git',
60 silly install resolved       directory: 'types/node'
60 silly install resolved     },
60 silly install resolved     description: 'TypeScript definitions for node',
60 silly install resolved     directories: {},
60 silly install resolved     dependencies: { 'undici-types': '~5.26.4' },
60 silly install resolved     _hasShrinkwrap: false,
60 silly install resolved     typeScriptVersion: '4.8',
60 silly install resolved     _npmOperationalInternal: {
60 silly install resolved       tmp: 'tmp/node_20.14.9_1719353223644_0.23459953064465555',
60 silly install resolved       host: 's3://npm-registry-packages'
60 silly install resolved     },
60 silly install resolved     typesPublisherContentHash: 'e4d1051361599ca04bc4b8596571d29434f7b5618cadeb651672ab388dae60aa',
60 silly install resolved     _shasum: '12e8e765ab27f8c421a1820c99f5f313a933b420',
60 silly install resolved     _resolved: 'https://registry.npmjs.org/@types/node/-/node-20.14.9.tgz',
60 silly install resolved     _from: '@types/node@latest'
60 silly install resolved   }
60 silly install resolved ]
61 info install @types/node@20.14.9 into C:\Users\Unity_0118\Desktop\Java\DEMO
62 info installOne @types/node@20.14.9
63 verbose installOne of @types/node to C:\Users\Unity_0118\Desktop\Java\DEMO not in flight; installing
64 verbose correctMkdir C:\Users\Unity_0118\AppData\Local\npm-cache\_locks correctMkdir not in flight; initializing
65 verbose lock using C:\Users\Unity_0118\AppData\Local\npm-cache\_locks\types-node-ab86850570405388.lock for C:\Users\Unity_0118\Desktop\Java\DEMO\node_modules\@types\node
66 silly install write writing @types/node 20.14.9 to C:\Users\Unity_0118\Desktop\Java\DEMO\node_modules\@types\node
67 verbose unbuild node_modules\@types\node
68 silly gentlyRm C:\Users\Unity_0118\Desktop\Java\DEMO\node_modules\@types\node is being purged from base C:\Users\Unity_0118\Desktop\Java\DEMO
69 verbose gentlyRm don't care about contents; nuking C:\Users\Unity_0118\Desktop\Java\DEMO\node_modules\@types\node
70 verbose tar unpack C:\Users\Unity_0118\AppData\Local\npm-cache\@types\node\20.14.9\package.tgz
71 verbose tar unpacking to C:\Users\Unity_0118\Desktop\Java\DEMO\node_modules\@types\node
72 silly gentlyRm C:\Users\Unity_0118\Desktop\Java\DEMO\node_modules\@types\node is being purged
73 verbose gentlyRm don't care about contents; nuking C:\Users\Unity_0118\Desktop\Java\DEMO\node_modules\@types\node
74 silly gunzTarPerm modes [ '777', '666' ]
75 silly gunzTarPerm extractEntry
76 silly gunzTarPerm modified mode [ '', 493, 511 ]
77 silly gunzTarPerm extractEntry
78 silly gunzTarPerm modified mode [ '', 420, 438 ]
79 silly gunzTarPerm extractEntry
80 silly gunzTarPerm modified mode [ '', 420, 438 ]
81 silly gunzTarPerm extractEntry
82 silly gunzTarPerm modified mode [ '', 493, 511 ]
83 silly gunzTarPerm extractEntry
84 silly gunzTarPerm modified mode [ '', 420, 438 ]
85 silly gunzTarPerm extractEntry
86 silly gunzTarPerm modified mode [ '', 420, 438 ]
87 silly gunzTarPerm extractEntry
88 silly gunzTarPerm modified mode [ '', 420, 438 ]
89 silly gunzTarPerm extractEntry
90 silly gunzTarPerm modified mode [ '', 420, 438 ]
91 silly gunzTarPerm extractEntry
92 silly gunzTarPerm modified mode [ '', 420, 438 ]
93 silly gunzTarPerm extractEntry
94 silly gunzTarPerm modified mode [ '', 420, 438 ]
95 silly gunzTarPerm extractEntry
96 silly gunzTarPerm modified mode [ '', 420, 438 ]
97 silly gunzTarPerm extractEntry
98 silly gunzTarPerm modified mode [ '', 420, 438 ]
99 silly gunzTarPerm extractEntry
100 silly gunzTarPerm modified mode [ '', 420, 438 ]
101 silly gunzTarPerm extractEntry
102 silly gunzTarPerm modified mode [ '', 420, 438 ]
103 silly gunzTarPerm extractEntry
104 silly gunzTarPerm modified mode [ '', 493, 511 ]
105 silly gunzTarPerm extractEntry
106 silly gunzTarPerm modified mode [ '', 420, 438 ]
107 silly gunzTarPerm extractEntry
108 silly gunzTarPerm modified mode [ '', 420, 438 ]
109 silly gunzTarPerm extractEntry
110 silly gunzTarPerm modified mode [ '', 420, 438 ]
111 silly gunzTarPerm extractEntry
112 silly gunzTarPerm modified mode [ '', 420, 438 ]
113 silly gunzTarPerm extractEntry
114 silly gunzTarPerm modified mode [ '', 493, 511 ]
115 silly gunzTarPerm extractEntry
116 silly gunzTarPerm modified mode [ '', 420, 438 ]
117 silly gunzTarPerm extractEntry
118 silly gunzTarPerm modified mode [ '', 420, 438 ]
119 silly gunzTarPerm extractEntry
120 silly gunzTarPerm modified mode [ '', 420, 438 ]
121 silly gunzTarPerm extractEntry
122 silly gunzTarPerm modified mode [ '', 420, 438 ]
123 silly gunzTarPerm extractEntry
124 silly gunzTarPerm modified mode [ '', 420, 438 ]
125 silly gunzTarPerm extractEntry
126 silly gunzTarPerm modified mode [ '', 420, 438 ]
127 silly gunzTarPerm extractEntry
128 silly gunzTarPerm modified mode [ '', 420, 438 ]
129 silly gunzTarPerm extractEntry
130 silly gunzTarPerm modified mode [ '', 420, 438 ]
131 silly gunzTarPerm extractEntry
132 silly gunzTarPerm modified mode [ '', 420, 438 ]
133 silly gunzTarPerm extractEntry
134 silly gunzTarPerm modified mode [ '', 420, 438 ]
135 silly gunzTarPerm extractEntry
136 silly gunzTarPerm modified mode [ '', 420, 438 ]
137 silly gunzTarPerm extractEntry
138 silly gunzTarPerm modified mode [ '', 420, 438 ]
139 silly gunzTarPerm extractEntry
140 silly gunzTarPerm modified mode [ '', 420, 438 ]
141 silly gunzTarPerm extractEntry
142 silly gunzTarPerm modified mode [ '', 420, 438 ]
143 silly gunzTarPerm extractEntry
144 silly gunzTarPerm modified mode [ '', 420, 438 ]
145 silly gunzTarPerm extractEntry
146 silly gunzTarPerm modified mode [ '', 420, 438 ]
147 silly gunzTarPerm extractEntry
148 silly gunzTarPerm modified mode [ '', 420, 438 ]
149 silly gunzTarPerm extractEntry
150 silly gunzTarPerm modified mode [ '', 493, 511 ]
151 silly gunzTarPerm extractEntry
152 silly gunzTarPerm modified mode [ '', 420, 438 ]
153 silly gunzTarPerm extractEntry
154 silly gunzTarPerm modified mode [ '', 420, 438 ]
155 silly gunzTarPerm extractEntry
156 silly gunzTarPerm modified mode [ '', 420, 438 ]
157 silly gunzTarPerm extractEntry
158 silly gunzTarPerm modified mode [ '', 493, 511 ]
159 silly gunzTarPerm extractEntry
160 silly gunzTarPerm modified mode [ '', 420, 438 ]
161 silly gunzTarPerm extractEntry
162 silly gunzTarPerm modified mode [ '', 420, 438 ]
163 silly gunzTarPerm extractEntry
164 silly gunzTarPerm modified mode [ '', 420, 438 ]
165 silly gunzTarPerm extractEntry
166 silly gunzTarPerm modified mode [ '', 493, 511 ]
167 silly gunzTarPerm extractEntry
168 silly gunzTarPerm modified mode [ '', 420, 438 ]
169 silly gunzTarPerm extractEntry
170 silly gunzTarPerm modified mode [ '', 420, 438 ]
171 silly gunzTarPerm extractEntry
172 silly gunzTarPerm modified mode [ '', 420, 438 ]
173 silly gunzTarPerm extractEntry
174 silly gunzTarPerm modified mode [ '', 420, 438 ]
175 silly gunzTarPerm extractEntry
176 silly gunzTarPerm modified mode [ '', 420, 438 ]
177 silly gunzTarPerm extractEntry
178 silly gunzTarPerm modified mode [ '', 420, 438 ]
179 silly gunzTarPerm extractEntry
180 silly gunzTarPerm modified mode [ '', 420, 438 ]
181 silly gunzTarPerm extractEntry
182 silly gunzTarPerm modified mode [ '', 420, 438 ]
183 silly gunzTarPerm extractEntry
184 silly gunzTarPerm modified mode [ '', 420, 438 ]
185 silly gunzTarPerm extractEntry
186 silly gunzTarPerm modified mode [ '', 420, 438 ]
187 silly gunzTarPerm extractEntry
188 silly gunzTarPerm modified mode [ '', 420, 438 ]
189 silly gunzTarPerm extractEntry
190 silly gunzTarPerm modified mode [ '', 420, 438 ]
191 silly gunzTarPerm extractEntry
192 silly gunzTarPerm modified mode [ '', 420, 438 ]
193 silly gunzTarPerm extractEntry
194 silly gunzTarPerm modified mode [ '', 420, 438 ]
195 silly gunzTarPerm extractEntry
196 silly gunzTarPerm modified mode [ '', 420, 438 ]
197 silly gunzTarPerm extractEntry
198 silly gunzTarPerm modified mode [ '', 420, 438 ]
199 silly gunzTarPerm extractEntry
200 silly gunzTarPerm modified mode [ '', 420, 438 ]
201 silly gunzTarPerm extractEntry
202 silly gunzTarPerm modified mode [ '', 420, 438 ]
203 silly gunzTarPerm extractEntry
204 silly gunzTarPerm modified mode [ '', 420, 438 ]
205 verbose unlock done using C:\Users\Unity_0118\AppData\Local\npm-cache\_locks\types-node-ab86850570405388.lock for C:\Users\Unity_0118\Desktop\Java\DEMO\node_modules\@types\node
206 verbose stack Error: ENOENT: no such file or directory, open 'C:\Users\Unity_0118\Desktop\Java\DEMO\node_modules\@types\node\package.json'
207 verbose cwd C:\Users\Unity_0118\Desktop\Java\DEMO
208 error Windows_NT 10.0.22621
209 error argv "C:\\Program Files\\nodejs\\node.exe" "C:\\Users\\Unity_0118\\node_modules\\npm\\bin\\npm-cli.js" "install" "--save-dev" "@types/node"
210 error node v20.14.0
211 error npm  v2.15.12
212 error path C:\Users\Unity_0118\Desktop\Java\DEMO\node_modules\@types\node\package.json
213 error code ENOTDIR
214 error errno -4058
215 error syscall open
216 error ENOENT: no such file or directory, open 'C:\Users\Unity_0118\Desktop\Java\DEMO\node_modules\@types\node\package.json'
217 error If you need help, you may report this error at:
217 error     <https://github.com/npm/npm/issues>
218 verbose exit [ -4058, true ]
219 verbose unbuild node_modules\@types\node
220 silly gentlyRm C:\Users\Unity_0118\Desktop\Java\DEMO\node_modules\@types\node is being purged from base C:\Users\Unity_0118\Desktop\Java\DEMO
221 verbose gentlyRm don't care about contents; nuking C:\Users\Unity_0118\Desktop\Java\DEMO\node_modules\@types\node
222 silly vacuum-fs purging C:\Users\Unity_0118\Desktop\Java\DEMO\node_modules\@types\node
223 silly vacuum-fs removing C:\Users\Unity_0118\Desktop\Java\DEMO\node_modules\@types
224 silly vacuum-fs quitting because other entries in C:\Users\Unity_0118\Desktop\Java\DEMO\node_modules
